
INFO 2025-07-30 11:21:52,420 basehttp 31587 6190936064 "GET /admin/core/questionsubmission/ HTTP/1.1" 200 9200
INFO 2025-07-30 11:21:52,451 basehttp 31587 6190936064 "GET /admin/jsi18n/ HTTP/1.1" 200 8560
INFO 2025-07-30 11:21:56,902 basehttp 31587 6190936064 "GET /admin/core/systemlog/ HTTP/1.1" 200 8892
INFO 2025-07-30 11:21:56,937 basehttp 31587 6190936064 "GET /admin/jsi18n/ HTTP/1.1" 200 8560
INFO 2025-07-30 11:21:57,673 basehttp 31587 6190936064 "GET /admin/core/questionsubmission/ HTTP/1.1" 200 9200
INFO 2025-07-30 11:21:57,699 basehttp 31587 6190936064 "GET /admin/jsi18n/ HTTP/1.1" 200 8560
INFO 2025-07-30 11:21:58,336 basehttp 31587 6190936064 "GET /admin/core/user/ HTTP/1.1" 200 11547
INFO 2025-07-30 11:21:58,360 basehttp 31587 6190936064 "GET /admin/jsi18n/ HTTP/1.1" 200 8560
INFO 2025-07-30 11:22:00,872 basehttp 31587 6190936064 "GET /admin/core/ HTTP/1.1" 200 7297
INFO 2025-07-30 11:22:04,018 basehttp 31587 6190936064 "GET /admin/core/systemlog/ HTTP/1.1" 200 8892
INFO 2025-07-30 11:22:04,039 basehttp 31587 6190936064 "GET /admin/jsi18n/ HTTP/1.1" 200 8560
INFO 2025-07-30 11:22:06,021 basehttp 31587 6190936064 "GET /admin/core/user/ HTTP/1.1" 200 11547
INFO 2025-07-30 11:22:06,043 basehttp 31587 6190936064 "GET /admin/jsi18n/ HTTP/1.1" 200 8560
INFO 2025-07-30 11:22:07,049 basehttp 31587 6190936064 "GET /admin/core/ HTTP/1.1" 200 7297
INFO 2025-07-30 11:22:08,726 basehttp 31587 6190936064 "GET /admin/core/ HTTP/1.1" 200 7297
INFO 2025-07-30 11:22:09,243 basehttp 31587 6190936064 "GET /admin/core/ HTTP/1.1" 200 7297
INFO 2025-07-30 11:22:09,423 basehttp 31587 6190936064 "GET /admin/core/ HTTP/1.1" 200 7297
INFO 2025-07-30 11:22:14,384 basehttp 31587 6190936064 "GET /admin/core/questionsubmission/ HTTP/1.1" 200 9200
INFO 2025-07-30 11:22:14,405 basehttp 31587 6190936064 "GET /admin/jsi18n/ HTTP/1.1" 200 8560
INFO 2025-07-30 11:22:16,899 basehttp 31587 6190936064 "GET /admin/core/ HTTP/1.1" 200 7297
INFO 2025-07-30 11:22:25,288 basehttp 31587 6190936064 "GET /admin/core/ HTTP/1.1" 200 7297
INFO 2025-07-30 11:22:26,153 basehttp 31587 6190936064 "GET /admin/core/ HTTP/1.1" 200 7297
INFO 2025-07-30 11:22:26,782 basehttp 31587 6190936064 "GET /admin/core/user/ HTTP/1.1" 200 11547
INFO 2025-07-30 11:22:26,805 basehttp 31587 6190936064 "GET /admin/jsi18n/ HTTP/1.1" 200 8560
INFO 2025-07-30 11:22:27,707 basehttp 31587 6190936064 "GET /admin/core/systemlog/ HTTP/1.1" 200 8892
INFO 2025-07-30 11:22:27,732 basehttp 31587 6190936064 "GET /admin/jsi18n/ HTTP/1.1" 200 8560
INFO 2025-07-30 11:22:28,521 basehttp 31587 6190936064 "GET /admin/core/questionsubmission/ HTTP/1.1" 200 9200
INFO 2025-07-30 11:22:28,544 basehttp 31587 6190936064 "GET /admin/jsi18n/ HTTP/1.1" 200 8560
INFO 2025-07-30 11:22:29,476 basehttp 31587 6190936064 "GET /admin/core/ HTTP/1.1" 200 7297
INFO 2025-07-30 11:22:51,977 basehttp 31587 6190936064 "GET /admin/core/user/ HTTP/1.1" 200 11547
INFO 2025-07-30 11:22:52,004 basehttp 31587 6190936064 "GET /admin/jsi18n/ HTTP/1.1" 200 8560
INFO 2025-07-30 11:22:58,478 basehttp 31587 6190936064 "GET /admin/core/questionsubmission/ HTTP/1.1" 200 9200
INFO 2025-07-30 11:22:58,503 basehttp 31587 6190936064 "GET /admin/jsi18n/ HTTP/1.1" 200 8560
INFO 2025-07-30 11:22:59,544 basehttp 31587 6190936064 "GET /admin/core/systemlog/ HTTP/1.1" 200 8892
INFO 2025-07-30 11:22:59,569 basehttp 31587 6190936064 "GET /admin/jsi18n/ HTTP/1.1" 200 8560
INFO 2025-07-30 11:23:01,245 basehttp 31587 6190936064 "GET /admin/core/questionsubmission/ HTTP/1.1" 200 9200
INFO 2025-07-30 11:23:01,270 basehttp 31587 6190936064 "GET /admin/jsi18n/ HTTP/1.1" 200 8560
INFO 2025-07-30 11:23:02,043 basehttp 31587 6190936064 "GET /admin/core/systemlog/ HTTP/1.1" 200 8892
INFO 2025-07-30 11:23:02,064 basehttp 31587 6190936064 "GET /admin/jsi18n/ HTTP/1.1" 200 8560
INFO 2025-07-30 11:23:02,944 basehttp 31587 6190936064 "GET /admin/core/user/ HTTP/1.1" 200 11547
INFO 2025-07-30 11:23:02,968 basehttp 31587 6190936064 "GET /admin/jsi18n/ HTTP/1.1" 200 8560
INFO 2025-07-30 11:23:12,783 basehttp 31587 6190936064 "GET /admin/core/questionsubmission/ HTTP/1.1" 200 9200
INFO 2025-07-30 11:23:12,808 basehttp 31587 6190936064 "GET /admin/jsi18n/ HTTP/1.1" 200 8560
INFO 2025-07-30 11:23:48,474 basehttp 31587 6190936064 "GET /admin/core/questionsubmission/add/ HTTP/1.1" 200 20674
INFO 2025-07-30 11:23:48,518 basehttp 31587 6224588800 "GET /static/admin/img/icon-changelink.svg HTTP/1.1" 200 380
INFO 2025-07-30 11:23:48,523 basehttp 31587 6207762432 "GET /static/admin/js/collapse.js HTTP/1.1" 200 1803
INFO 2025-07-30 11:23:48,523 basehttp 31587 6190936064 "GET /admin/jsi18n/ HTTP/1.1" 200 8560
INFO 2025-07-30 11:23:48,525 basehttp 31587 6241415168 "GET /static/admin/img/icon-viewlink.svg HTTP/1.1" 200 581
INFO 2025-07-30 11:23:48,536 basehttp 31587 6241415168 "GET /static/admin/img/icon-deletelink.svg HTTP/1.1" 200 392
INFO 2025-07-30 11:23:54,021 basehttp 31587 6241415168 "GET /admin/core/questionsubmission/ HTTP/1.1" 200 9200
INFO 2025-07-30 11:23:54,049 basehttp 31587 6241415168 "GET /admin/jsi18n/ HTTP/1.1" 200 8560
INFO 2025-07-30 11:24:11,792 database 38814 8519393024 Redis连接成功
INFO 2025-07-30 11:24:11,807 _transport 38814 8519393024 HEAD http://localhost:9200/ [status:200 duration:0.014s]
INFO 2025-07-30 11:24:11,807 database 38814 8519393024 Elasticsearch连接成功
INFO 2025-07-30 11:29:50,957 autoreload 31587 8519393024 /Users/scan/PycharmProjects/djangoProject/TIzhou/utils/__init__.py changed, reloading.
INFO 2025-07-30 11:29:51,314 database 40565 8519393024 Redis连接成功
INFO 2025-07-30 11:29:51,324 _transport 40565 8519393024 HEAD http://localhost:9200/ [status:200 duration:0.010s]
INFO 2025-07-30 11:29:51,324 database 40565 8519393024 Elasticsearch连接成功
INFO 2025-07-30 11:29:51,339 autoreload 40565 8519393024 Watching for file changes with StatReloader
INFO 2025-07-30 11:30:37,052 _transport 40565 6122008576 POST http://localhost:9200/questions/_search [status:200 duration:0.097s]
INFO 2025-07-30 11:30:37,058 basehttp 40565 6122008576 "GET /api/search/all/ HTTP/1.1" 200 52158
INFO 2025-07-30 11:30:43,088 basehttp 40565 6122008576 "GET /admin/core/questionsubmission/ HTTP/1.1" 302 0
INFO 2025-07-30 11:30:43,103 basehttp 40565 6122008576 "GET /admin/login/?next=/admin/core/questionsubmission/ HTTP/1.1" 200 4238
INFO 2025-07-30 16:07:49,531 database 48874 8519393024 Redis连接成功
INFO 2025-07-30 16:07:49,582 _transport 48874 8519393024 HEAD http://localhost:9200/ [status:200 duration:0.051s]
INFO 2025-07-30 16:07:49,582 database 48874 8519393024 Elasticsearch连接成功
INFO 2025-07-30 16:07:50,091 database 48878 8519393024 Redis连接成功
INFO 2025-07-30 16:07:50,100 _transport 48878 8519393024 HEAD http://localhost:9200/ [status:200 duration:0.009s]
INFO 2025-07-30 16:07:50,101 database 48878 8519393024 Elasticsearch连接成功
INFO 2025-07-30 16:12:34,377 database 49852 8519393024 Redis连接成功
INFO 2025-07-30 16:12:34,389 _transport 49852 8519393024 HEAD http://localhost:9200/ [status:200 duration:0.012s]
INFO 2025-07-30 16:12:34,389 database 49852 8519393024 Elasticsearch连接成功
INFO 2025-07-30 16:13:26,927 database 50052 8519393024 Redis连接成功
INFO 2025-07-30 16:13:26,936 _transport 50052 8519393024 HEAD http://localhost:9200/ [status:200 duration:0.009s]
INFO 2025-07-30 16:13:26,936 database 50052 8519393024 Elasticsearch连接成功
INFO 2025-07-30 16:13:27,347 database 50053 8519393024 Redis连接成功
INFO 2025-07-30 16:13:27,358 _transport 50053 8519393024 HEAD http://localhost:9200/ [status:200 duration:0.011s]
INFO 2025-07-30 16:13:27,359 database 50053 8519393024 Elasticsearch连接成功
INFO 2025-07-30 16:13:31,375 database 50075 8519393024 Redis连接成功
INFO 2025-07-30 16:13:31,390 _transport 50075 8519393024 HEAD http://localhost:9200/ [status:200 duration:0.015s]
INFO 2025-07-30 16:13:31,390 database 50075 8519393024 Elasticsearch连接成功
INFO 2025-07-30 16:13:38,245 database 50109 8519393024 Redis连接成功
INFO 2025-07-30 16:13:38,254 _transport 50109 8519393024 HEAD http://localhost:9200/ [status:200 duration:0.009s]
INFO 2025-07-30 16:13:38,254 database 50109 8519393024 Elasticsearch连接成功
INFO 2025-07-30 16:13:38,471 database 50111 8519393024 Redis连接成功
INFO 2025-07-30 16:13:38,479 _transport 50111 8519393024 HEAD http://localhost:9200/ [status:200 duration:0.008s]
INFO 2025-07-30 16:13:38,480 database 50111 8519393024 Elasticsearch连接成功
INFO 2025-07-30 16:13:38,484 autoreload 50111 8519393024 Watching for file changes with StatReloader
INFO 2025-07-30 16:14:07,301 basehttp 50111 6163984384 "GET /admin/ HTTP/1.1" 302 0
INFO 2025-07-30 16:14:07,321 basehttp 50111 6163984384 "GET /admin/login/?next=/admin/ HTTP/1.1" 200 4190
WARNING 2025-07-30 16:14:07,408 log 50111 6163984384 Not Found: /favicon.ico
WARNING 2025-07-30 16:14:07,408 basehttp 50111 6163984384 "GET /favicon.ico HTTP/1.1" 404 3008
INFO 2025-07-30 16:14:14,405 basehttp 50111 6163984384 "POST /admin/login/?next=/admin/ HTTP/1.1" 302 0
INFO 2025-07-30 16:14:14,417 basehttp 50111 6163984384 "GET /admin/ HTTP/1.1" 200 8490
INFO 2025-07-30 16:14:22,073 basehttp 50111 6163984384 "GET /admin/core/systemlog/ HTTP/1.1" 200 8892
INFO 2025-07-30 16:14:22,097 basehttp 50111 6163984384 "GET /admin/jsi18n/ HTTP/1.1" 200 8560
INFO 2025-07-30 16:14:23,073 basehttp 50111 6163984384 "GET /admin/core/questionsubmission/ HTTP/1.1" 200 9200
INFO 2025-07-30 16:14:23,094 basehttp 50111 6163984384 "GET /admin/jsi18n/ HTTP/1.1" 200 8560
INFO 2025-07-30 16:14:25,383 basehttp 50111 6163984384 "GET /admin/core/user/ HTTP/1.1" 200 11547
INFO 2025-07-30 16:14:25,404 basehttp 50111 6163984384 "GET /admin/jsi18n/ HTTP/1.1" 200 8560
INFO 2025-07-30 16:14:27,711 basehttp 50111 6163984384 "GET /admin/core/ HTTP/1.1" 200 8492
INFO 2025-07-30 16:14:36,964 basehttp 50111 6163984384 "GET /admin/core/systemlog/ HTTP/1.1" 200 8892
INFO 2025-07-30 16:14:36,983 basehttp 50111 6163984384 "GET /admin/jsi18n/ HTTP/1.1" 200 8560
INFO 2025-07-30 16:14:41,611 basehttp 50111 6163984384 "GET /admin/core/systemlog/?q= HTTP/1.1" 200 8953
INFO 2025-07-30 16:14:41,632 basehttp 50111 6163984384 "GET /admin/jsi18n/ HTTP/1.1" 200 8560
INFO 2025-07-30 16:14:44,709 basehttp 50111 6163984384 "GET /admin/core/questionsubmission/ HTTP/1.1" 200 9200
INFO 2025-07-30 16:14:44,731 basehttp 50111 6163984384 "GET /admin/jsi18n/ HTTP/1.1" 200 8560
INFO 2025-07-30 16:14:48,172 basehttp 50111 6163984384 "GET /admin/core/user/ HTTP/1.1" 200 11547
INFO 2025-07-30 16:14:48,192 basehttp 50111 6163984384 "GET /admin/jsi18n/ HTTP/1.1" 200 8560
INFO 2025-07-30 16:14:49,676 basehttp 50111 6163984384 "GET /admin/core/ HTTP/1.1" 200 8492
INFO 2025-07-30 16:15:19,430 basehttp 50111 6163984384 "GET /admin/core/ HTTP/1.1" 200 8492
INFO 2025-07-30 16:15:46,567 autoreload 50111 8519393024 /Users/scan/PycharmProjects/djangoProject/TIzhou/apps/core/admin.py changed, reloading.
INFO 2025-07-30 16:15:46,877 database 50542 8519393024 Redis连接成功
INFO 2025-07-30 16:15:46,888 _transport 50542 8519393024 HEAD http://localhost:9200/ [status:200 duration:0.011s]
INFO 2025-07-30 16:15:46,888 database 50542 8519393024 Elasticsearch连接成功
INFO 2025-07-30 16:15:46,894 autoreload 50542 8519393024 Watching for file changes with StatReloader
INFO 2025-07-30 16:16:30,915 database 50694 8519393024 Redis连接成功
INFO 2025-07-30 16:16:30,926 _transport 50694 8519393024 HEAD http://localhost:9200/ [status:200 duration:0.010s]
INFO 2025-07-30 16:16:30,926 database 50694 8519393024 Elasticsearch连接成功
INFO 2025-07-30 16:19:24,959 database 51276 8519393024 Redis连接成功
INFO 2025-07-30 16:19:24,975 _transport 51276 8519393024 HEAD http://localhost:9200/ [status:200 duration:0.016s]
INFO 2025-07-30 16:19:24,975 database 51276 8519393024 Elasticsearch连接成功
INFO 2025-07-30 16:19:25,165 database 51277 8519393024 Redis连接成功
INFO 2025-07-30 16:19:25,178 _transport 51277 8519393024 HEAD http://localhost:9200/ [status:200 duration:0.013s]
INFO 2025-07-30 16:19:25,178 database 51277 8519393024 Elasticsearch连接成功
INFO 2025-07-30 16:19:55,231 database 51384 8519393024 Redis连接成功
INFO 2025-07-30 16:19:55,238 _transport 51384 8519393024 HEAD http://localhost:9200/ [status:200 duration:0.007s]
INFO 2025-07-30 16:19:55,238 database 51384 8519393024 Elasticsearch连接成功
INFO 2025-07-30 16:21:33,877 database 51728 8519393024 Redis连接成功
INFO 2025-07-30 16:21:33,885 _transport 51728 8519393024 HEAD http://localhost:9200/ [status:200 duration:0.007s]
INFO 2025-07-30 16:21:33,885 database 51728 8519393024 Elasticsearch连接成功
INFO 2025-07-30 16:22:24,500 database 51901 8519393024 Redis连接成功
INFO 2025-07-30 16:22:24,506 _transport 51901 8519393024 HEAD http://localhost:9200/ [status:200 duration:0.006s]
INFO 2025-07-30 16:22:24,506 database 51901 8519393024 Elasticsearch连接成功
INFO 2025-07-30 16:22:24,995 database 51904 8519393024 Redis连接成功
INFO 2025-07-30 16:22:25,008 _transport 51904 8519393024 HEAD http://localhost:9200/ [status:200 duration:0.012s]
INFO 2025-07-30 16:22:25,008 database 51904 8519393024 Elasticsearch连接成功
INFO 2025-07-30 16:22:29,423 database 51921 8519393024 Redis连接成功
INFO 2025-07-30 16:22:29,443 _transport 51921 8519393024 HEAD http://localhost:9200/ [status:200 duration:0.019s]
INFO 2025-07-30 16:22:29,443 database 51921 8519393024 Elasticsearch连接成功
INFO 2025-07-30 16:22:35,010 database 51952 8519393024 Redis连接成功
INFO 2025-07-30 16:22:35,025 _transport 51952 8519393024 HEAD http://localhost:9200/ [status:200 duration:0.014s]
INFO 2025-07-30 16:22:35,025 database 51952 8519393024 Elasticsearch连接成功
INFO 2025-07-30 16:22:35,211 database 51953 8519393024 Redis连接成功
INFO 2025-07-30 16:22:35,218 _transport 51953 8519393024 HEAD http://localhost:9200/ [status:200 duration:0.007s]
INFO 2025-07-30 16:22:35,218 database 51953 8519393024 Elasticsearch连接成功
INFO 2025-07-30 16:22:35,224 autoreload 51953 8519393024 Watching for file changes with StatReloader
INFO 2025-07-30 16:22:44,583 basehttp 51953 6127923200 "GET /admin/core/ HTTP/1.1" 302 0
INFO 2025-07-30 16:22:44,603 basehttp 51953 6127923200 "GET /admin/login/?next=/admin/core/ HTTP/1.1" 200 4200
INFO 2025-07-30 16:22:48,434 basehttp 51953 6127923200 "POST /admin/login/?next=/admin/core/ HTTP/1.1" 302 0
INFO 2025-07-30 16:22:48,446 basehttp 51953 6127923200 "GET /admin/core/ HTTP/1.1" 200 8492
INFO 2025-07-30 16:22:54,953 basehttp 51953 6127923200 "GET /admin/core/user/ HTTP/1.1" 200 11547
INFO 2025-07-30 16:22:54,981 basehttp 51953 6127923200 "GET /admin/jsi18n/ HTTP/1.1" 200 8560
INFO 2025-07-30 16:22:56,304 basehttp 51953 6127923200 "GET /admin/core/systemlog/ HTTP/1.1" 200 8892
INFO 2025-07-30 16:22:56,319 basehttp 51953 6127923200 "GET /admin/jsi18n/ HTTP/1.1" 200 8560
INFO 2025-07-30 16:22:57,440 basehttp 51953 6127923200 "GET /admin/core/questionsubmission/ HTTP/1.1" 200 9200
INFO 2025-07-30 16:22:57,461 basehttp 51953 6127923200 "GET /admin/jsi18n/ HTTP/1.1" 200 8560
INFO 2025-07-30 16:22:58,483 basehttp 51953 6127923200 "GET /admin/core/user/ HTTP/1.1" 200 11547
INFO 2025-07-30 16:22:58,499 basehttp 51953 6127923200 "GET /admin/jsi18n/ HTTP/1.1" 200 8560
INFO 2025-07-30 16:22:59,678 basehttp 51953 6127923200 "GET /admin/core/questionsubmission/ HTTP/1.1" 200 9200
INFO 2025-07-30 16:22:59,698 basehttp 51953 6127923200 "GET /admin/jsi18n/ HTTP/1.1" 200 8560
INFO 2025-07-30 16:23:01,350 basehttp 51953 6127923200 "GET /admin/core/questionsubmission/add/ HTTP/1.1" 200 20674
INFO 2025-07-30 16:23:01,367 basehttp 51953 6127923200 "GET /admin/jsi18n/ HTTP/1.1" 200 8560
INFO 2025-07-30 16:23:02,930 basehttp 51953 6127923200 "GET /admin/core/user/ HTTP/1.1" 200 11547
INFO 2025-07-30 16:23:02,949 basehttp 51953 6127923200 "GET /admin/jsi18n/ HTTP/1.1" 200 8560
INFO 2025-07-30 16:23:03,913 basehttp 51953 6127923200 "GET /admin/core/systemlog/ HTTP/1.1" 200 8892
INFO 2025-07-30 16:23:03,933 basehttp 51953 6127923200 "GET /admin/jsi18n/ HTTP/1.1" 200 8560
INFO 2025-07-30 16:23:20,257 database 52107 8519393024 Redis连接成功
INFO 2025-07-30 16:23:20,265 _transport 52107 8519393024 HEAD http://localhost:9200/ [status:200 duration:0.008s]
INFO 2025-07-30 16:23:20,265 database 52107 8519393024 Elasticsearch连接成功
INFO 2025-07-30 16:23:41,211 database 52188 8519393024 Redis连接成功
INFO 2025-07-30 16:23:41,221 _transport 52188 8519393024 HEAD http://localhost:9200/ [status:200 duration:0.010s]
INFO 2025-07-30 16:23:41,221 database 52188 8519393024 Elasticsearch连接成功
INFO 2025-07-30 16:23:41,389 database 52195 8519393024 Redis连接成功
INFO 2025-07-30 16:23:41,399 _transport 52195 8519393024 HEAD http://localhost:9200/ [status:200 duration:0.009s]
INFO 2025-07-30 16:23:41,399 database 52195 8519393024 Elasticsearch连接成功
INFO 2025-07-30 16:23:41,404 autoreload 52195 8519393024 Watching for file changes with StatReloader
INFO 2025-07-30 16:23:44,104 basehttp 52195 6194982912 "GET /admin/core/systemlog/ HTTP/1.1" 302 0
INFO 2025-07-30 16:23:44,122 basehttp 52195 6194982912 "GET /admin/login/?next=/admin/core/systemlog/ HTTP/1.1" 200 4220
INFO 2025-07-30 16:23:49,868 basehttp 52195 6194982912 "POST /admin/login/?next=/admin/core/systemlog/ HTTP/1.1" 302 0
INFO 2025-07-30 16:23:49,882 basehttp 52195 6194982912 "GET /admin/core/systemlog/ HTTP/1.1" 200 8892
INFO 2025-07-30 16:23:49,913 basehttp 52195 6194982912 "GET /admin/jsi18n/ HTTP/1.1" 200 8560
INFO 2025-07-30 16:23:53,541 basehttp 52195 6194982912 "GET /admin/core/ HTTP/1.1" 200 8492
INFO 2025-07-30 16:24:15,624 basehttp 52195 6194982912 "GET /admin/core/systemlog/ HTTP/1.1" 200 8892
INFO 2025-07-30 16:24:15,644 basehttp 52195 6194982912 "GET /admin/jsi18n/ HTTP/1.1" 200 8560
INFO 2025-07-30 16:24:16,350 basehttp 52195 6194982912 "GET /admin/core/questionsubmission/ HTTP/1.1" 200 9200
INFO 2025-07-30 16:24:16,366 basehttp 52195 6194982912 "GET /admin/jsi18n/ HTTP/1.1" 200 8560
INFO 2025-07-30 16:24:35,579 basehttp 52195 6194982912 "GET /admin/core/ HTTP/1.1" 200 8492
INFO 2025-07-30 16:27:18,400 basehttp 52195 6194982912 "GET /admin/core/ HTTP/1.1" 200 8467
INFO 2025-07-30 16:27:19,631 basehttp 52195 6194982912 "GET /admin/core/ HTTP/1.1" 200 8467
INFO 2025-07-30 16:27:21,423 basehttp 52195 6194982912 "GET /admin/core/questionsubmission/ HTTP/1.1" 200 9200
INFO 2025-07-30 16:27:21,447 basehttp 52195 6194982912 "GET /admin/jsi18n/ HTTP/1.1" 200 8560
INFO 2025-07-30 16:27:23,107 basehttp 52195 6194982912 "GET /admin/core/ HTTP/1.1" 200 8467
INFO 2025-07-30 16:27:25,797 basehttp 52195 6194982912 "GET /admin/core/user/ HTTP/1.1" 200 11547
INFO 2025-07-30 16:27:25,815 basehttp 52195 6194982912 "GET /admin/jsi18n/ HTTP/1.1" 200 8560
INFO 2025-07-30 16:27:26,576 basehttp 52195 6194982912 "GET /admin/core/systemlog/ HTTP/1.1" 200 8892
INFO 2025-07-30 16:27:26,602 basehttp 52195 6194982912 "GET /admin/jsi18n/ HTTP/1.1" 200 8560
INFO 2025-07-30 16:27:27,539 basehttp 52195 6194982912 "GET /admin/core/questionsubmission/ HTTP/1.1" 200 9200
INFO 2025-07-30 16:27:27,561 basehttp 52195 6194982912 "GET /admin/jsi18n/ HTTP/1.1" 200 8560
INFO 2025-07-30 16:27:31,427 basehttp 52195 6194982912 "GET /admin/core/ HTTP/1.1" 200 8467
